2023-12-27 17:20:36,889 [INFO] - Route: create_post, Data: {"title": "special", "author": "morganramirez"}
2023-12-27 17:20:43,028 [INFO] - Route: delete_profile, Data: {}
2023-12-27 17:20:45,048 [INFO] - Route: get_posts, Data: {}
2023-12-27 17:20:51,137 [INFO] - Route: delete_profile, Data: {}
2023-12-27 17:20:53,184 [INFO] - Route: create_post, Data: {"title": "morning", "author": "xcook"}
2023-12-27 17:20:55,202 [INFO] - Route: update_post, Data: {"id": 2, "data": {"title": "and", "author": "keychristina"}}
2023-12-27 17:21:01,305 [INFO] - Route: delete_profile, Data: {}
2023-12-27 17:21:03,338 [INFO] - Route: create_post, Data: {"title": "physical", "author": "fwade"}
2023-12-27 17:21:05,380 [INFO] - Route: delete_post, Data: {"id": 3}
2023-12-27 17:21:11,505 [INFO] - Route: delete_profile, Data: {}
2023-12-27 17:21:13,526 [INFO] - Route: create_comment, Data: {"body": "Impact both safe prove decide scene mention. Product each traditional man. Big money agreement always indicate. Again else I current.", "postID": 63}
2023-12-27 17:21:19,668 [INFO] - Route: delete_profile, Data: {}
2023-12-27 17:21:21,715 [INFO] - Route: get_comments, Data: {}
2023-12-27 17:21:27,821 [INFO] - Route: delete_profile, Data: {}
2023-12-27 17:21:29,885 [INFO] - Route: create_comment, Data: {"body": "Go education affect measure receive foreign. Audience system simple our man traditional throughout. Pick any collection expect particular. Whether affect build pay fall.", "postID": 13}
2023-12-27 17:21:31,918 [INFO] - Route: update_comment, Data: {"id": 2, "data": {"body": "Appear hand key sure popular.\nNo analysis stock hear seek. Trial Republican phone hospital. Rule health prove color.\nEveryone able report article with read admit represent. Book start describe next.", "postID": 13}}
2023-12-27 17:21:38,057 [INFO] - Route: delete_profile, Data: {}
2023-12-27 17:21:40,104 [INFO] - Route: create_comment, Data: {"body": "Agreement outside collection claim. Choice study cover agent between throughout.\nWriter board once serious Democrat appear sense own. Third bed leave bed. Cover hit talk serious at.", "postID": 23}
2023-12-27 17:21:42,137 [INFO] - Route: delete_comment, Data: {"id": 3}
2023-12-27 17:21:48,232 [INFO] - Route: delete_profile, Data: {}
2023-12-27 17:21:50,274 [INFO] - Route: get_author_posts, Data: {"author": "carolpace"}
2023-12-27 17:21:56,402 [INFO] - Route: delete_profile, Data: {}
2023-12-27 17:21:58,435 [INFO] - Route: get_post_comments, Data: {"id": 33}
2023-12-27 17:22:04,529 [INFO] - Route: delete_profile, Data: {}
2023-12-27 17:22:12,808 [INFO] - Route: delete_profile, Data: {}
2023-12-27 17:22:14,851 [INFO] - Route: create_profile, Data: {"name": "Dr. Carla Shepherd"}
2023-12-27 17:22:20,948 [INFO] - Route: delete_profile, Data: {}
2023-12-27 17:22:22,981 [INFO] - Route: get_profile, Data: {}
2023-12-27 17:22:29,107 [INFO] - Route: delete_profile, Data: {}
2023-12-27 17:22:31,134 [INFO] - Route: create_profile, Data: {"name": "Lisa Barton"}
2023-12-27 17:22:33,168 [INFO] - Route: update_profile, Data: {"name": "Deborah Anthony"}
2023-12-27 17:22:39,291 [INFO] - Route: delete_profile, Data: {}
2023-12-27 17:22:41,339 [INFO] - Route: delete_profile, Data: {}
2023-12-27 17:22:47,435 [INFO] - Route: delete_profile, Data: {}
2023-12-27 17:22:49,467 [INFO] - Route: create_post, Data: {"title": "skin", "author": "osbornebarry"}
2023-12-27 17:22:51,525 [INFO] - Route: create_post, Data: {"title": "fall", "author": "robertsondouglas"}
2023-12-27 17:22:53,573 [INFO] - Route: create_post, Data: {"title": "hour", "author": "gabriel32"}
2023-12-27 17:22:55,604 [INFO] - Route: create_post, Data: {"title": "soldier", "author": "fgriffin"}
2023-12-27 17:22:57,637 [INFO] - Route: create_post, Data: {"title": "role", "author": "brownrenee"}
2023-12-27 17:23:03,747 [INFO] - Route: delete_profile, Data: {}
2023-12-27 17:23:05,794 [INFO] - Route: create_comment, Data: {"body": "Everyone maybe he employee enjoy miss gas. Identify ever ask business. Finally building point result talk product network huge.\nCold consumer act involve mouth keep like. Create unit its space.", "postID": 73}
2023-12-27 17:23:07,836 [INFO] - Route: create_comment, Data: {"body": "Forward stuff serious. Bill fly which keep scene. Account or choice run. See return group computer.", "postID": 98}
2023-12-27 17:23:09,886 [INFO] - Route: create_comment, Data: {"body": "Everyone far head pull movie single. Determine the onto point current now. Deep doctor lead leader more manager real.", "postID": 63}
2023-12-27 17:23:11,931 [INFO] - Route: create_comment, Data: {"body": "Stock another door teacher I soon see when. Debate member leg ever find receive. Son around family. Anything cost sit out.", "postID": 52}
2023-12-27 17:23:13,964 [INFO] - Route: create_comment, Data: {"body": "Vote pretty agree read unit woman church. Program early weight travel least skin scientist.\nInterview nice through from heavy rise trial. Leave ten explain read fear by.", "postID": 9}
2023-12-27 17:23:20,076 [INFO] - Route: delete_profile, Data: {}
2023-12-27 17:23:22,116 [INFO] - Route: create_profile, Data: {"name": "Joshua Smith Jr."}
2023-12-27 17:23:28,236 [INFO] - Route: delete_profile, Data: {}
2023-12-27 17:23:30,262 [INFO] - Route: create_post, Data: {"title": "skill", "author": "kevin94"}
2023-12-27 17:23:32,294 [INFO] - Route: create_comment, Data: {"body": "Develop wear heavy learn music order. Best easy customer present mother probably.", "postID": 8}
2023-12-27 17:23:38,419 [INFO] - Route: delete_profile, Data: {}
2023-12-27 17:23:40,455 [INFO] - Route: create_comment, Data: {"body": "Thousand long drug improve. Heavy thing food after. Tv return to including issue various. Memory world over pull.", "postID": 36}
2023-12-27 17:23:42,480 [INFO] - Route: get_comment, Data: {"id": 9}
2023-12-27 17:23:44,526 [INFO] - Route: delete_comment, Data: {"id": 9}
2023-12-27 17:23:46,588 [INFO] - Route: get_comment, Data: {"id": 9}
2023-12-27 17:30:23,104 [INFO] - Route: create_post, Data: {"title": "part", "author": "kgarcia"}
2023-12-27 17:30:29,196 [INFO] - Route: delete_profile, Data: {}
2023-12-27 17:30:31,244 [INFO] - Route: get_posts, Data: {}
2023-12-27 17:30:37,354 [INFO] - Route: delete_profile, Data: {}
2023-12-27 17:30:39,372 [INFO] - Route: create_post, Data: {"title": "coach", "author": "clarkgwendolyn"}
2023-12-27 17:30:41,413 [INFO] - Route: update_post, Data: {"id": 10, "data": {"title": "customer", "author": "chunggloria"}}
2023-12-27 17:30:47,543 [INFO] - Route: delete_profile, Data: {}
2023-12-27 17:30:49,573 [INFO] - Route: create_post, Data: {"title": "around", "author": "dixonmark"}
2023-12-27 17:30:51,613 [INFO] - Route: delete_post, Data: {"id": 11}
2023-12-27 17:30:57,737 [INFO] - Route: delete_profile, Data: {}
2023-12-27 17:30:59,761 [INFO] - Route: create_comment, Data: {"body": "Machine fish daughter manager fund maintain. Interesting along prepare memory design rather personal.", "postID": 46}
2023-12-27 17:31:05,874 [INFO] - Route: delete_profile, Data: {}
2023-12-27 17:31:07,903 [INFO] - Route: get_comments, Data: {}
2023-12-27 17:31:13,996 [INFO] - Route: delete_profile, Data: {}
2023-12-27 17:31:16,026 [INFO] - Route: create_comment, Data: {"body": "Writer mention large because receive. North amount serious clear upon.\nTreat full anything inside. Keep friend well make read writer. If produce open improve professional sometimes.", "postID": 6}
2023-12-27 17:31:18,071 [INFO] - Route: update_comment, Data: {"id": 10, "data": {"body": "Seek above east interview through. Type garden establish look number and nation military. Surface beat return medical Republican national fly social.", "postID": 6}}
2023-12-27 17:31:24,180 [INFO] - Route: delete_profile, Data: {}
2023-12-27 17:31:26,215 [INFO] - Route: create_comment, Data: {"body": "Cup heavy product role or. American create carry whom administration contain. Indeed point walk fire fill respond policy goal.", "postID": 96}
2023-12-27 17:31:28,258 [INFO] - Route: delete_comment, Data: {"id": 11}
2023-12-27 17:31:34,338 [INFO] - Route: delete_profile, Data: {}
2023-12-27 17:31:36,370 [INFO] - Route: get_author_posts, Data: {"author": "mccartykaren"}
2023-12-27 17:31:42,497 [INFO] - Route: delete_profile, Data: {}
2023-12-27 17:31:44,554 [INFO] - Route: get_post_comments, Data: {"id": 74}
2023-12-27 17:31:50,688 [INFO] - Route: delete_profile, Data: {}
2023-12-27 17:31:58,855 [INFO] - Route: delete_profile, Data: {}
2023-12-27 17:32:00,886 [INFO] - Route: create_profile, Data: {"name": "Ricky Taylor"}
2023-12-27 17:32:07,012 [INFO] - Route: delete_profile, Data: {}
2023-12-27 17:32:09,043 [INFO] - Route: get_profile, Data: {}
2023-12-27 17:32:15,157 [INFO] - Route: delete_profile, Data: {}
2023-12-27 17:32:17,182 [INFO] - Route: create_profile, Data: {"name": "Christopher Thompson"}
2023-12-27 17:32:19,220 [INFO] - Route: update_profile, Data: {"name": "Regina Acevedo"}
2023-12-27 17:32:25,348 [INFO] - Route: delete_profile, Data: {}
2023-12-27 17:32:27,369 [INFO] - Route: delete_profile, Data: {}
2023-12-27 17:32:33,484 [INFO] - Route: delete_profile, Data: {}
2023-12-27 17:32:35,528 [INFO] - Route: create_post, Data: {"title": "where", "author": "tony68"}
2023-12-27 17:32:37,570 [INFO] - Route: create_post, Data: {"title": "get", "author": "rachelserrano"}
2023-12-27 17:32:39,621 [INFO] - Route: create_post, Data: {"title": "door", "author": "rose52"}
2023-12-27 17:32:41,651 [INFO] - Route: create_post, Data: {"title": "cause", "author": "ramosmark"}
2023-12-27 17:32:43,682 [INFO] - Route: create_post, Data: {"title": "alone", "author": "zachary78"}
2023-12-27 17:32:49,778 [INFO] - Route: delete_profile, Data: {}
2023-12-27 17:32:51,807 [INFO] - Route: create_comment, Data: {"body": "Pay might return toward take defense end. Help nature owner ever oil. Politics wrong old.", "postID": 15}
2023-12-27 17:32:53,840 [INFO] - Route: create_comment, Data: {"body": "Important force option product cut. Minute campaign my race camera left. Me police including civil near my can. Every nature style song form audience new.", "postID": 95}
2023-12-27 17:32:55,869 [INFO] - Route: create_comment, Data: {"body": "Those good employee.\nWorld success media owner section my pattern court. Cut similar scene standard interest bag.", "postID": 26}
2023-12-27 17:32:57,916 [INFO] - Route: create_comment, Data: {"body": "Future conference finally dream.\nMy story some west turn Mrs. Market political shoulder week hot prove employee contain.", "postID": 80}
2023-12-27 17:32:59,952 [INFO] - Route: create_comment, Data: {"body": "Defense among own statement fine. Else government pretty evidence Mr purpose right.\nInteresting entire court trade maybe suddenly perhaps. Watch challenge work.", "postID": 12}
2023-12-27 17:33:06,086 [INFO] - Route: delete_profile, Data: {}
2023-12-27 17:33:08,134 [INFO] - Route: create_profile, Data: {"name": "Dustin Patterson"}
2023-12-27 17:33:10,197 [INFO] - Route: create_profile, Data: {"name": "Michael Jimenez"}
2023-12-27 17:33:12,245 [INFO] - Route: create_profile, Data: {"name": "Sylvia Lewis"}
2023-12-27 17:33:14,276 [INFO] - Route: create_profile, Data: {"name": "Evan Baker"}
2023-12-27 17:33:16,310 [INFO] - Route: create_profile, Data: {"name": "Edward Bradshaw"}
2023-12-27 17:33:22,416 [INFO] - Route: delete_profile, Data: {}
2023-12-27 17:33:24,449 [INFO] - Route: create_post, Data: {"title": "include", "author": "hwalker"}
2023-12-27 17:33:26,493 [INFO] - Route: create_comment, Data: {"body": "Particular interesting of. Explain hard carry similar. Cold thank democratic art I.", "postID": 16}
2023-12-27 17:33:32,669 [INFO] - Route: delete_profile, Data: {}
2023-12-27 17:33:34,715 [INFO] - Route: create_comment, Data: {"body": "Quite such design quality.\nForeign player any time. Speech to else mention position top site behind.\nQuickly state bank a. Interesting coach rule site common. Mrs college picture debate.", "postID": 44}
2023-12-27 17:33:36,759 [INFO] - Route: get_comment, Data: {"id": 17}
2023-12-27 17:33:38,789 [INFO] - Route: delete_comment, Data: {"id": 17}
2023-12-27 17:33:40,822 [INFO] - Route: get_comment, Data: {"id": 17}
2023-12-27 17:37:15,012 [INFO] - Route: create_post, Data: {"title": "low", "author": "patricia13"}
2023-12-27 17:37:21,146 [INFO] - Route: delete_profile, Data: {}
2023-12-27 17:37:23,181 [INFO] - Route: get_posts, Data: {}
2023-12-27 17:37:29,276 [INFO] - Route: delete_profile, Data: {}
2023-12-27 17:37:31,302 [INFO] - Route: create_post, Data: {"title": "method", "author": "potterbruce"}
2023-12-27 17:37:33,334 [INFO] - Route: update_post, Data: {"id": 18, "data": {"title": "various", "author": "melissagonzales"}}
2023-12-27 17:37:39,458 [INFO] - Route: delete_profile, Data: {}
2023-12-27 17:37:41,509 [INFO] - Route: create_post, Data: {"title": "about", "author": "edennis"}
2023-12-27 17:37:43,552 [INFO] - Route: delete_post, Data: {"id": 19}
2023-12-27 17:37:49,648 [INFO] - Route: delete_profile, Data: {}
2023-12-27 17:37:51,681 [INFO] - Route: create_comment, Data: {"body": "Early site move win team necessary only. Project return contain fast case.\nBelieve ago administration nor guess glass push. Activity quickly how start mind.", "postID": 34}
2023-12-27 17:37:57,826 [INFO] - Route: delete_profile, Data: {}
2023-12-27 17:37:59,870 [INFO] - Route: get_comments, Data: {}
2023-12-27 17:38:05,994 [INFO] - Route: delete_profile, Data: {}
2023-12-27 17:38:08,040 [INFO] - Route: create_comment, Data: {"body": "Conference open kind rock represent attack action necessary. Low have music training remember against gun. Teacher very series inside range media court.", "postID": 12}
2023-12-27 17:38:10,072 [INFO] - Route: update_comment, Data: {"id": 18, "data": {"body": "Author point or bag. Smile officer possible city assume detail young. Measure day offer lead hit address dark.\nWay time push those skill. Where affect line forget.", "postID": 12}}
2023-12-27 17:38:16,182 [INFO] - Route: delete_profile, Data: {}
2023-12-27 17:38:18,217 [INFO] - Route: create_comment, Data: {"body": "Natural example agree hospital six for. Letter those many reach plant professional. Who drug author character quite.\nLarge hope Congress live receive. As hit opportunity.", "postID": 16}
2023-12-27 17:38:20,258 [INFO] - Route: delete_comment, Data: {"id": 19}
2023-12-27 17:38:26,381 [INFO] - Route: delete_profile, Data: {}
2023-12-27 17:38:28,427 [INFO] - Route: get_author_posts, Data: {"author": "ulopez"}
2023-12-27 17:38:34,510 [INFO] - Route: delete_profile, Data: {}
2023-12-27 17:38:36,557 [INFO] - Route: get_post_comments, Data: {"id": 33}
2023-12-27 17:38:42,672 [INFO] - Route: delete_profile, Data: {}
2023-12-27 17:38:50,819 [INFO] - Route: delete_profile, Data: {}
2023-12-27 17:38:52,855 [INFO] - Route: create_profile, Data: {"name": "Jeremy Montgomery"}
2023-12-27 17:38:58,996 [INFO] - Route: delete_profile, Data: {}
2023-12-27 17:39:01,021 [INFO] - Route: get_profile, Data: {}
2023-12-27 17:39:07,138 [INFO] - Route: delete_profile, Data: {}
2023-12-27 17:39:09,192 [INFO] - Route: create_profile, Data: {"name": "Douglas Nielsen"}
2023-12-27 17:39:11,244 [INFO] - Route: update_profile, Data: {"name": "Michele Rodriguez"}
2023-12-27 17:39:17,348 [INFO] - Route: delete_profile, Data: {}
2023-12-27 17:39:19,382 [INFO] - Route: delete_profile, Data: {}
2023-12-27 17:39:25,473 [INFO] - Route: delete_profile, Data: {}
2023-12-27 17:39:27,504 [INFO] - Route: create_post, Data: {"title": "court", "author": "paula24"}
2023-12-27 17:39:29,542 [INFO] - Route: create_post, Data: {"title": "property", "author": "andrew59"}
2023-12-27 17:39:31,572 [INFO] - Route: create_post, Data: {"title": "suffer", "author": "icrawford"}
2023-12-27 17:39:33,621 [INFO] - Route: create_post, Data: {"title": "even", "author": "russellsue"}
2023-12-27 17:39:35,652 [INFO] - Route: create_post, Data: {"title": "name", "author": "michaellara"}
2023-12-27 17:39:41,762 [INFO] - Route: delete_profile, Data: {}
2023-12-27 17:39:43,821 [INFO] - Route: create_comment, Data: {"body": "Indicate catch audience financial social mouth. Everything go fight nature.", "postID": 58}
2023-12-27 17:39:45,856 [INFO] - Route: create_comment, Data: {"body": "Course add culture must body simple you still. Partner structure walk charge evening family. Month different finally smile company while play.", "postID": 17}
2023-12-27 17:39:47,901 [INFO] - Route: create_comment, Data: {"body": "Ability ball successful four class tell. To hope difficult material.\nStudent hot then goal. Everybody customer TV argue statement mother throughout offer.", "postID": 33}
2023-12-27 17:39:49,946 [INFO] - Route: create_comment, Data: {"body": "Move medical dinner chair because. Discuss tax friend billion.", "postID": 61}
2023-12-27 17:39:51,979 [INFO] - Route: create_comment, Data: {"body": "Local party check seem vote determine. Important strategy pay necessary off charge. Check process around almost relate yes service hand.", "postID": 91}
2023-12-27 17:39:58,058 [INFO] - Route: delete_profile, Data: {}
2023-12-27 17:40:00,088 [INFO] - Route: create_profile, Data: {"name": "Daniel Griffith"}
2023-12-27 17:40:02,136 [INFO] - Route: create_profile, Data: {"name": "Michael Pratt"}
2023-12-27 17:40:04,179 [INFO] - Route: create_profile, Data: {"name": "Amy Moran"}
2023-12-27 17:40:06,224 [INFO] - Route: create_profile, Data: {"name": "Kelli Chen"}
2023-12-27 17:40:08,258 [INFO] - Route: create_profile, Data: {"name": "Joshua Reynolds"}
2023-12-27 17:40:14,398 [INFO] - Route: delete_profile, Data: {}
2023-12-27 17:40:16,444 [INFO] - Route: create_post, Data: {"title": "father", "author": "kayla58"}
2023-12-27 17:40:18,492 [INFO] - Route: create_comment, Data: {"body": "Entire anything movie not. Whatever phone assume run together against history. Sit little shoulder order identify quickly.", "postID": 24}
2023-12-27 17:40:20,531 [INFO] - Route: get_post_comments, Data: {"id": 24}
2023-12-27 17:40:26,671 [INFO] - Route: delete_profile, Data: {}
2023-12-27 17:40:28,706 [INFO] - Route: create_comment, Data: {"body": "Response let effect sport benefit culture unit. Pm because though leader drug space official. Particularly safe model fast.", "postID": 26}
2023-12-27 17:40:30,727 [INFO] - Route: get_comment, Data: {"id": 25}
2023-12-27 17:40:32,759 [INFO] - Route: delete_comment, Data: {"id": 25}
2023-12-27 17:40:34,812 [INFO] - Route: get_comment, Data: {"id": 25}
2023-12-27 17:41:31,885 [INFO] - Route: create_post, Data: {"title": "significant", "author": "istevenson"}
2023-12-27 17:41:38,014 [INFO] - Route: delete_profile, Data: {}
2023-12-27 17:41:40,056 [INFO] - Route: get_posts, Data: {}
2023-12-27 17:41:46,180 [INFO] - Route: delete_profile, Data: {}
2023-12-27 17:41:48,228 [INFO] - Route: create_post, Data: {"title": "least", "author": "wgross"}
2023-12-27 17:41:50,271 [INFO] - Route: update_post, Data: {"id": 26, "data": {"title": "bar", "author": "joshua43"}}
2023-12-27 17:41:56,384 [INFO] - Route: delete_profile, Data: {}
2023-12-27 17:41:58,436 [INFO] - Route: create_post, Data: {"title": "happen", "author": "rturner"}
2023-12-27 17:42:00,469 [INFO] - Route: delete_post, Data: {"id": 27}
2023-12-27 17:42:06,586 [INFO] - Route: delete_profile, Data: {}
2023-12-27 17:42:08,629 [INFO] - Route: create_comment, Data: {"body": "Wear until animal that with cause. Few power man third. Box mouth with artist executive.\nHundred hundred good standard one western might. Across better everybody issue individual.", "postID": 18}
2023-12-27 17:42:14,740 [INFO] - Route: delete_profile, Data: {}
2023-12-27 17:42:16,764 [INFO] - Route: get_comments, Data: {}
2023-12-27 17:42:22,907 [INFO] - Route: delete_profile, Data: {}
2023-12-27 17:42:24,960 [INFO] - Route: create_comment, Data: {"body": "Push my success. Future quickly around born. Whether meet strategy worry. Pay might not almost history site.", "postID": 96}
2023-12-27 17:42:26,995 [INFO] - Route: update_comment, Data: {"id": 26, "data": {"body": "Physical recently store house on debate position. Manager commercial family much eight yet you way. Cultural later tell school economic.", "postID": 96}}
2023-12-27 17:42:33,087 [INFO] - Route: delete_profile, Data: {}
2023-12-27 17:42:35,132 [INFO] - Route: create_comment, Data: {"body": "Law road poor matter.\nOffice blue especially. Hold section Congress relationship. Front girl human actually.", "postID": 14}
2023-12-27 17:42:37,175 [INFO] - Route: delete_comment, Data: {"id": 27}
2023-12-27 17:42:43,306 [INFO] - Route: delete_profile, Data: {}
2023-12-27 17:42:45,346 [INFO] - Route: get_author_posts, Data: {"author": "malik71"}
2023-12-27 17:42:51,416 [INFO] - Route: delete_profile, Data: {}
2023-12-27 17:42:53,465 [INFO] - Route: get_post_comments, Data: {"id": 34}
2023-12-27 17:42:59,588 [INFO] - Route: delete_profile, Data: {}
2023-12-27 17:43:07,757 [INFO] - Route: delete_profile, Data: {}
2023-12-27 17:43:09,791 [INFO] - Route: create_profile, Data: {"name": "Craig Woods"}
2023-12-27 17:43:15,901 [INFO] - Route: delete_profile, Data: {}
2023-12-27 17:43:17,947 [INFO] - Route: get_profile, Data: {}
2023-12-27 17:43:24,053 [INFO] - Route: delete_profile, Data: {}
2023-12-27 17:43:26,090 [INFO] - Route: create_profile, Data: {"name": "Richard Johnson"}
2023-12-27 17:43:28,152 [INFO] - Route: update_profile, Data: {"name": "Karen Schultz"}
2023-12-27 17:43:34,261 [INFO] - Route: delete_profile, Data: {}
2023-12-27 17:43:36,295 [INFO] - Route: delete_profile, Data: {}
2023-12-27 17:43:42,432 [INFO] - Route: delete_profile, Data: {}
2023-12-27 17:43:44,464 [INFO] - Route: create_post, Data: {"title": "ago", "author": "mary28"}
2023-12-27 17:43:46,505 [INFO] - Route: create_post, Data: {"title": "yourself", "author": "xkennedy"}
2023-12-27 17:43:48,555 [INFO] - Route: create_post, Data: {"title": "eye", "author": "jasmine39"}
2023-12-27 17:43:50,598 [INFO] - Route: create_post, Data: {"title": "indicate", "author": "qjackson"}
2023-12-27 17:43:52,639 [INFO] - Route: create_post, Data: {"title": "fast", "author": "ohicks"}
2023-12-27 17:43:58,757 [INFO] - Route: delete_profile, Data: {}
2023-12-27 17:44:00,808 [INFO] - Route: create_comment, Data: {"body": "Interview morning military experience yet west.\nStage reduce dinner. Protect imagine listen second matter player interesting. Financial remember benefit next participant new property.", "postID": 7}
2023-12-27 17:44:02,850 [INFO] - Route: create_comment, Data: {"body": "Few view fish put public smile trial. Source very attack different front. Leader history them gas cover every.", "postID": 15}
2023-12-27 17:44:04,894 [INFO] - Route: create_comment, Data: {"body": "Establish not sure look general minute. Experience anyone theory body. Model strong third loss identify.", "postID": 43}
2023-12-27 17:44:06,919 [INFO] - Route: create_comment, Data: {"body": "Mrs now number down campaign consider child. Center them able just draw major last sing.", "postID": 21}
2023-12-27 17:44:08,948 [INFO] - Route: create_comment, Data: {"body": "Seven alone collection reveal stuff. Star response watch purpose several ok. High sound goal because. Politics bad ground prepare question check.", "postID": 4}
2023-12-27 17:44:15,058 [INFO] - Route: delete_profile, Data: {}
2023-12-27 17:44:17,091 [INFO] - Route: create_profile, Data: {"name": "Alexis Rivera"}
2023-12-27 17:44:19,133 [INFO] - Route: create_profile, Data: {"name": "Chad Cruz"}
2023-12-27 17:44:21,182 [INFO] - Route: create_profile, Data: {"name": "Dr. Jordan Mccall DDS"}
2023-12-27 17:44:23,226 [INFO] - Route: create_profile, Data: {"name": "Matthew Mckee"}
2023-12-27 17:44:25,251 [INFO] - Route: create_profile, Data: {"name": "Joseph Ferguson"}
2023-12-27 17:44:31,364 [INFO] - Route: delete_profile, Data: {}
2023-12-27 17:44:33,399 [INFO] - Route: create_post, Data: {"title": "wide", "author": "robertsjessica"}
2023-12-27 17:44:35,446 [INFO] - Route: create_comment, Data: {"body": "Few customer stuff line card guy head. May language media sell.", "postID": 32}
2023-12-27 17:44:37,480 [INFO] - Route: get_post_comments, Data: {"id": 32}
2023-12-27 17:44:43,605 [INFO] - Route: delete_profile, Data: {}
2023-12-27 17:44:45,652 [INFO] - Route: create_comment, Data: {"body": "Wonder sense sound myself employee such. Born series parent. Source partner treatment nature general source expert.", "postID": 40}
2023-12-27 17:44:47,699 [INFO] - Route: get_comment, Data: {"id": 33}
2023-12-27 17:44:49,727 [INFO] - Route: delete_comment, Data: {"id": 33}
2023-12-27 17:44:51,753 [INFO] - Route: get_comment, Data: {"id": 33}
2023-12-27 17:46:49,824 [INFO] - Route: create_post, Data: {"title": "pattern", "author": "jordanbrooks"}
2023-12-27 17:46:55,958 [INFO] - Route: delete_profile, Data: {}
2023-12-27 17:46:57,995 [INFO] - Route: get_posts, Data: {}
2023-12-27 17:47:04,120 [INFO] - Route: delete_profile, Data: {}
2023-12-27 17:47:06,164 [INFO] - Route: create_post, Data: {"title": "feeling", "author": "mcherry"}
2023-12-27 17:47:08,224 [INFO] - Route: update_post, Data: {"id": 34, "data": {"title": "style", "author": "zimmermaneric"}}
2023-12-27 17:47:14,324 [INFO] - Route: delete_profile, Data: {}
2023-12-27 17:47:16,386 [INFO] - Route: create_post, Data: {"title": "attention", "author": "marieholmes"}
2023-12-27 17:47:18,432 [INFO] - Route: delete_post, Data: {"id": 35}
2023-12-27 17:47:24,535 [INFO] - Route: delete_profile, Data: {}
2023-12-27 17:47:27,040 [INFO] - Route: create_comment, Data: {"body": "Office trade else again heart. Day state protect some fire laugh these.\nSafe mean season goal. Specific get sister style feel center.\nCare specific by hundred wall admit. Act event place eat.", "postID": 95}
2023-12-27 17:47:33,183 [INFO] - Route: delete_profile, Data: {}
2023-12-27 17:47:35,330 [INFO] - Route: get_comments, Data: {}
2023-12-27 17:47:41,470 [INFO] - Route: delete_profile, Data: {}
2023-12-27 17:47:43,940 [INFO] - Route: create_comment, Data: {"body": "Set third key hour today. Admit story test such.\nSection every significant less federal something million. Big theory ever sell. Look herself always clear face natural television.", "postID": 54}
2023-12-27 17:47:45,981 [INFO] - Route: update_comment, Data: {"id": 34, "data": {"body": "Our officer old and question. Treat strong civil box minute. View upon teach degree agree admit identify.\nYet talk fire push. Each season bad way building.", "postID": 54}}
2023-12-27 17:47:52,113 [INFO] - Route: delete_profile, Data: {}
2023-12-27 17:47:54,186 [INFO] - Route: create_comment, Data: {"body": "Senior though writer more national trip. Tell point dream there today set reduce all.\nReceive again much change.\nData degree food join who. Investment drug miss accept develop learn system.", "postID": 70}
2023-12-27 17:47:56,215 [INFO] - Route: delete_comment, Data: {"id": 35}
2023-12-27 17:48:02,331 [INFO] - Route: delete_profile, Data: {}
2023-12-27 17:48:05,181 [INFO] - Route: get_author_posts, Data: {"author": "chandlerdaniel"}
2023-12-27 17:48:11,307 [INFO] - Route: delete_profile, Data: {}
2023-12-27 17:48:13,441 [INFO] - Route: get_post_comments, Data: {"id": 95}
2023-12-27 17:48:19,570 [INFO] - Route: delete_profile, Data: {}
2023-12-27 17:48:27,741 [INFO] - Route: delete_profile, Data: {}
2023-12-27 17:48:29,814 [INFO] - Route: create_profile, Data: {"name": "Tamara Ramirez"}
2023-12-27 17:48:35,963 [INFO] - Route: delete_profile, Data: {}
2023-12-27 17:48:38,034 [INFO] - Route: get_profile, Data: {}
2023-12-27 17:48:44,167 [INFO] - Route: delete_profile, Data: {}
2023-12-27 17:48:46,953 [INFO] - Route: create_profile, Data: {"name": "Brian Blackwell"}
2023-12-27 17:48:49,005 [INFO] - Route: update_profile, Data: {"name": "Rachel Raymond"}
2023-12-27 17:48:55,135 [INFO] - Route: delete_profile, Data: {}
2023-12-27 17:48:57,398 [INFO] - Route: delete_profile, Data: {}
2023-12-27 17:49:03,548 [INFO] - Route: delete_profile, Data: {}
2023-12-27 17:49:05,611 [INFO] - Route: create_post, Data: {"title": "head", "author": "kayla78"}
2023-12-27 17:49:07,665 [INFO] - Route: create_post, Data: {"title": "pass", "author": "davisamber"}
2023-12-27 17:49:09,719 [INFO] - Route: create_post, Data: {"title": "type", "author": "roberttownsend"}
2023-12-27 17:49:11,751 [INFO] - Route: create_post, Data: {"title": "where", "author": "alicynthia"}
2023-12-27 17:49:13,792 [INFO] - Route: create_post, Data: {"title": "country", "author": "dalewatts"}
2023-12-27 17:49:19,912 [INFO] - Route: delete_profile, Data: {}
2023-12-27 17:49:22,148 [INFO] - Route: create_comment, Data: {"body": "Around bank early style wall certainly. Leave smile herself range.\nOthers science rock mother want instead. Face north watch condition fast. Usually role some personal themselves again.", "postID": 38}
2023-12-27 17:49:24,180 [INFO] - Route: create_comment, Data: {"body": "Difference no small education. Term me political how remember. Ask today analysis cup might individual site.", "postID": 86}
2023-12-27 17:49:26,235 [INFO] - Route: create_comment, Data: {"body": "Young executive tax break stock share must. Ability chance thought point. Feel section major or necessary.\nArrive ready example listen. Itself bar consider candidate structure.", "postID": 72}
2023-12-27 17:49:28,277 [INFO] - Route: create_comment, Data: {"body": "Picture night per mission send money. Him one laugh should you.\nOne on break laugh of third your.", "postID": 77}
2023-12-27 17:49:30,331 [INFO] - Route: create_comment, Data: {"body": "Option argue break Democrat thousand oil. Eat leg conference three high network.\nWrite shoulder hair company entire war. Career out spend late everyone arrive wonder.", "postID": 65}
2023-12-27 17:49:36,466 [INFO] - Route: delete_profile, Data: {}
2023-12-27 17:49:38,509 [INFO] - Route: create_profile, Data: {"name": "Sandra Ritter"}
2023-12-27 17:49:40,560 [INFO] - Route: create_profile, Data: {"name": "Charles Davis"}
2023-12-27 17:49:42,596 [INFO] - Route: create_profile, Data: {"name": "Benjamin Rojas"}
2023-12-27 17:49:44,626 [INFO] - Route: create_profile, Data: {"name": "David Williams"}
2023-12-27 17:49:46,668 [INFO] - Route: create_profile, Data: {"name": "Elizabeth Sims"}
2023-12-27 17:49:52,800 [INFO] - Route: delete_profile, Data: {}
2023-12-27 17:49:54,843 [INFO] - Route: create_post, Data: {"title": "bring", "author": "kathryn37"}
2023-12-27 17:49:56,883 [INFO] - Route: create_comment, Data: {"body": "Health have number local those no thank. Player major court standard low might. Exist little present something development.", "postID": 40}
2023-12-27 17:49:58,928 [INFO] - Route: get_post_comments, Data: {"id": 40}
2023-12-27 17:50:05,086 [INFO] - Route: delete_profile, Data: {}
2023-12-27 17:50:07,142 [INFO] - Route: create_comment, Data: {"body": "Begin accept meeting him stock admit. Vote city develop employee little phone case.\nEye deal from wide quickly deep benefit. Act federal never. News yourself media discuss resource.", "postID": 55}
2023-12-27 17:50:09,176 [INFO] - Route: get_comment, Data: {"id": 41}
2023-12-27 17:50:11,205 [INFO] - Route: delete_comment, Data: {"id": 41}
2023-12-27 17:50:13,238 [INFO] - Route: get_comment, Data: {"id": 41}
2023-12-27 17:58:27,148 [INFO] - Route: create_post, Data: {"title": "exactly", "author": "yeseniaanderson"}
2023-12-27 17:58:33,289 [INFO] - Route: delete_profile, Data: {}
2023-12-27 17:58:35,332 [INFO] - Route: get_posts, Data: {}
2023-12-27 17:58:41,463 [INFO] - Route: delete_profile, Data: {}
2023-12-27 17:58:43,510 [INFO] - Route: create_post, Data: {"title": "and", "author": "acarpenter"}
2023-12-27 17:58:45,554 [INFO] - Route: update_post, Data: {"id": 2, "data": {"title": "democratic", "author": "kristaescobar"}}
2023-12-27 17:58:51,667 [INFO] - Route: delete_profile, Data: {}
2023-12-27 17:58:53,698 [INFO] - Route: create_post, Data: {"title": "watch", "author": "david28"}
2023-12-27 17:58:55,731 [INFO] - Route: delete_post, Data: {"id": 3}
2023-12-27 17:59:01,851 [INFO] - Route: delete_profile, Data: {}
2023-12-27 17:59:03,881 [INFO] - Route: create_comment, Data: {"body": "May point step pass miss protect fact. Official check song agreement pick spring thousand. Drop trade resource stage.\nMember beautiful I whatever.", "postID": 89}
2023-12-27 17:59:09,980 [INFO] - Route: delete_profile, Data: {}
2023-12-27 17:59:12,017 [INFO] - Route: get_comments, Data: {}
2023-12-27 17:59:18,176 [INFO] - Route: delete_profile, Data: {}
2023-12-27 17:59:20,212 [INFO] - Route: create_comment, Data: {"body": "On him local. Up six word everyone. Boy blue sign along result serve know it.\nExpert develop dream be clearly indicate. Under prevent federal place. Mr possible response ten light stop start letter.", "postID": 3}
2023-12-27 17:59:22,261 [INFO] - Route: update_comment, Data: {"id": 2, "data": {"body": "Want paper different of yes former travel. Phone interesting put true fear fight.\nLay sit kind remain. Heart feel responsibility get spend. Song certain month sense.", "postID": 3}}
2023-12-27 17:59:28,402 [INFO] - Route: delete_profile, Data: {}
2023-12-27 17:59:30,431 [INFO] - Route: create_comment, Data: {"body": "She season beyond father Congress dog.\nRich around theory might analysis. White rock letter employee view. Community letter account without.", "postID": 80}
2023-12-27 17:59:32,483 [INFO] - Route: delete_comment, Data: {"id": 3}
2023-12-27 17:59:38,573 [INFO] - Route: delete_profile, Data: {}
2023-12-27 17:59:40,620 [INFO] - Route: get_author_posts, Data: {"author": "ashleybarnes"}
2023-12-27 17:59:46,713 [INFO] - Route: delete_profile, Data: {}
2023-12-27 17:59:48,748 [INFO] - Route: get_post_comments, Data: {"id": 38}
2023-12-27 17:59:54,820 [INFO] - Route: delete_profile, Data: {}
2023-12-27 18:00:02,957 [INFO] - Route: delete_profile, Data: {}
2023-12-27 18:00:04,980 [INFO] - Route: create_profile, Data: {"name": "Jennifer Perez"}
2023-12-27 18:00:11,102 [INFO] - Route: delete_profile, Data: {}
2023-12-27 18:00:13,165 [INFO] - Route: get_profile, Data: {}
2023-12-27 18:00:19,295 [INFO] - Route: delete_profile, Data: {}
2023-12-27 18:00:21,345 [INFO] - Route: create_profile, Data: {"name": "Russell Davis"}
2023-12-27 18:00:23,409 [INFO] - Route: update_profile, Data: {"name": "Michael Bell"}
2023-12-27 18:03:23,270 [INFO] - Route: delete_profile, Data: {}
2023-12-27 18:03:25,327 [INFO] - Route: get_posts, Data: {}
2023-12-27 18:03:31,463 [INFO] - Route: delete_profile, Data: {}
2023-12-27 18:03:39,636 [INFO] - Route: delete_profile, Data: {}
2023-12-27 18:03:47,793 [INFO] - Route: delete_profile, Data: {}
2023-12-27 18:03:49,838 [INFO] - Route: create_comment, Data: {"body": "Teach everyone read technology step mean. My throw course never few.\nDrive catch central. Term either hope break born law.\nHuge PM use least.", "postID": 97}
2023-12-27 18:03:55,974 [INFO] - Route: delete_profile, Data: {}
2023-12-27 18:03:58,023 [INFO] - Route: get_comments, Data: {}
2023-12-27 18:04:04,120 [INFO] - Route: delete_profile, Data: {}
2023-12-27 18:04:06,162 [INFO] - Route: create_comment, Data: {"body": "Land want parent watch. Think even PM.\nStuff music increase college evening although. Build whole natural different coach. Mean road agent find develop surface. But hour research win.", "postID": 52}
2023-12-27 18:04:08,209 [INFO] - Route: update_comment, Data: {"id": 2, "data": {"body": "Magazine eye require bank think cell. Agreement explain believe certainly.\nChild available prepare couple arrive feeling them. Everyone program entire end able mind cover ask.", "postID": 52}}
2023-12-27 18:04:14,340 [INFO] - Route: delete_profile, Data: {}
2023-12-27 18:04:16,385 [INFO] - Route: create_comment, Data: {"body": "Then product force be serious dog hard TV. Focus drop themselves. Cover just test stage.", "postID": 39}
2023-12-27 18:04:18,431 [INFO] - Route: delete_comment, Data: {"id": 3}
2023-12-27 18:04:55,105 [INFO] - Route: create_post, Data: {"title": "same", "author": "elizabethramirez"}
2023-12-27 18:05:01,229 [INFO] - Route: delete_profile, Data: {}
2023-12-27 18:05:03,277 [INFO] - Route: get_posts, Data: {}
2023-12-27 18:05:09,396 [INFO] - Route: delete_profile, Data: {}
2023-12-27 18:05:11,428 [INFO] - Route: create_post, Data: {"title": "build", "author": "millerdonald"}
2023-12-27 18:05:13,458 [INFO] - Route: update_post, Data: {"id": 2, "data": {"title": "involve", "author": "jamesthomas"}}
2023-12-27 18:05:19,555 [INFO] - Route: delete_profile, Data: {}
2023-12-27 18:05:21,590 [INFO] - Route: create_post, Data: {"title": "establish", "author": "deanedwards"}
2023-12-27 18:05:23,621 [INFO] - Route: delete_post, Data: {"id": 3}
2023-12-27 18:05:29,760 [INFO] - Route: delete_profile, Data: {}
2023-12-27 18:05:31,805 [INFO] - Route: create_comment, Data: {"body": "Worker low ago decide himself science. Avoid particularly democratic. Today region water level.\nReady country close miss bill join act. Future product production hot father why.", "postID": 39}
2023-12-27 18:05:37,945 [INFO] - Route: delete_profile, Data: {}
2023-12-27 18:05:39,978 [INFO] - Route: get_comments, Data: {}
2023-12-27 18:05:46,085 [INFO] - Route: delete_profile, Data: {}
2023-12-27 18:05:48,135 [INFO] - Route: create_comment, Data: {"body": "Program body home administration. Floor community itself within table against.\nCall last have. Call push resource move always. Up bring subject defense.", "postID": 46}
2023-12-27 18:05:50,182 [INFO] - Route: update_comment, Data: {"id": 2, "data": {"body": "Already my politics order court concern. Sure race cell into how main add. Change every clearly why important light.", "postID": 46}}
2023-12-27 18:05:56,291 [INFO] - Route: delete_profile, Data: {}
2023-12-27 18:05:58,335 [INFO] - Route: create_comment, Data: {"body": "Religious share citizen central. Generation would born ever.", "postID": 84}
2023-12-27 18:06:00,365 [INFO] - Route: delete_comment, Data: {"id": 3}
2023-12-27 18:06:06,476 [INFO] - Route: delete_profile, Data: {}
2023-12-27 18:06:08,509 [INFO] - Route: get_author_posts, Data: {"author": "freemanrebecca"}
2023-12-27 18:06:14,647 [INFO] - Route: delete_profile, Data: {}
2023-12-27 18:06:16,684 [INFO] - Route: get_post_comments, Data: {"id": 37}
2023-12-27 18:06:22,807 [INFO] - Route: delete_profile, Data: {}
2023-12-27 18:06:30,948 [INFO] - Route: delete_profile, Data: {}
2023-12-27 18:06:32,990 [INFO] - Route: create_profile, Data: {"name": "Marcus Hooper"}
2023-12-27 18:06:39,118 [INFO] - Route: delete_profile, Data: {}
2023-12-27 18:06:41,148 [INFO] - Route: get_profile, Data: {}
2023-12-27 18:06:47,274 [INFO] - Route: delete_profile, Data: {}
2023-12-27 18:06:49,321 [INFO] - Route: create_profile, Data: {"name": "Sara Wilson"}
2023-12-27 18:06:51,365 [INFO] - Route: update_profile, Data: {"name": "Zachary Mendez"}
2023-12-27 18:06:57,478 [INFO] - Route: delete_profile, Data: {}
2023-12-27 18:06:59,526 [INFO] - Route: delete_profile, Data: {}
2023-12-27 18:07:05,634 [INFO] - Route: delete_profile, Data: {}
2023-12-27 18:07:07,662 [INFO] - Route: create_post, Data: {"title": "former", "author": "martineztonya"}
2023-12-27 18:07:09,710 [INFO] - Route: create_post, Data: {"title": "stock", "author": "rogersgary"}
2023-12-27 18:07:11,743 [INFO] - Route: create_post, Data: {"title": "environmental", "author": "jessicadiaz"}
2023-12-27 18:07:13,789 [INFO] - Route: create_post, Data: {"title": "sister", "author": "derrick04"}
2023-12-27 18:07:15,824 [INFO] - Route: create_post, Data: {"title": "serious", "author": "princerachael"}
2023-12-27 18:07:21,932 [INFO] - Route: delete_profile, Data: {}
2023-12-27 18:07:23,963 [INFO] - Route: create_comment, Data: {"body": "Drug question worry official. Future half change husband effect garden. Finish power professor administration.", "postID": 57}
2023-12-27 18:07:26,009 [INFO] - Route: create_comment, Data: {"body": "Surface some former series despite lay then. Sister share itself. Home expect cause now toward section.\nLot hear thank base member science father. Truth your enough sign structure.", "postID": 1}
2023-12-27 18:07:28,055 [INFO] - Route: create_comment, Data: {"body": "War simply five but however woman career. Reveal you production. Without number particular different.", "postID": 47}
2023-12-27 18:07:30,106 [INFO] - Route: create_comment, Data: {"body": "Speech speech adult. Cell when particularly mention trouble.\nElection allow stop war those project. Right them set card.\nChild collection modern price. Expect expert color himself.", "postID": 29}
2023-12-27 18:07:32,135 [INFO] - Route: create_comment, Data: {"body": "Want let character already food. Citizen work often. Billion resource recognize hour during manager.", "postID": 87}
2023-12-27 18:07:38,247 [INFO] - Route: delete_profile, Data: {}
2023-12-27 18:07:40,276 [INFO] - Route: create_profile, Data: {"name": "Kenneth Rodriguez"}
2023-12-27 18:07:42,309 [INFO] - Route: create_profile, Data: {"name": "Lori Wheeler"}
2023-12-27 18:07:44,351 [INFO] - Route: create_profile, Data: {"name": "Ronald Galvan"}
2023-12-27 18:07:46,371 [INFO] - Route: create_profile, Data: {"name": "Anthony Smith"}
2023-12-27 18:07:48,431 [INFO] - Route: create_profile, Data: {"name": "Wendy Durham"}
2023-12-27 18:07:54,539 [INFO] - Route: delete_profile, Data: {}
2023-12-27 18:07:56,587 [INFO] - Route: create_post, Data: {"title": "own", "author": "cindyraymond"}
2023-12-27 18:07:58,637 [INFO] - Route: create_comment, Data: {"body": "Six piece choice thank. Together hundred environmental popular future father assume. Task including stay whole.\nAnyone call cold sometimes. Yourself develop expert best why decide work.", "postID": 8}
2023-12-27 18:08:00,668 [INFO] - Route: get_post_comments, Data: {"id": 8}
2023-12-27 18:08:06,802 [INFO] - Route: delete_profile, Data: {}
2023-12-27 18:08:08,835 [INFO] - Route: create_comment, Data: {"body": "There personal under force sell information. Officer actually evening glass stop public. Able professor contain strong election claim.", "postID": 52}
2023-12-27 18:08:10,869 [INFO] - Route: get_comment, Data: {"id": 9}
2023-12-27 18:08:12,911 [INFO] - Route: delete_comment, Data: {"id": 9}
2023-12-27 18:08:14,934 [INFO] - Route: get_comment, Data: {"id": 9}
